[13Oct2020 09:01:53.489] [main/INFO] [cpw.mods.modlauncher.Launcher/MODLAUNCHER]: ModLauncher running: args [--gameDir, ., --launchTarget, fmluserdevclient, --fml.mcpVersion, 20200911.084530, --fml.mcVersion, 1.16.3, --fml.forgeGroup, net.minecraftforge, --fml.forgeVersion, 34.1.0, --version, MOD_DEV, --assetIndex, 1.16, --assetsDir, C:\Users\Erik\.gradle\caches\forge_gradle\assets, --username, Dev, --accessToken, ❄❄❄❄❄❄❄❄, --userProperties, {}]
[13Oct2020 09:01:53.493] [main/INFO] [cpw.mods.modlauncher.Launcher/MODLAUNCHER]: ModLauncher 7.0.1+78+master.e9771d8 starting: java version 1.8.0_202 by Oracle Corporation
[13Oct2020 09:01:54.119] [main/INFO] [net.minecraftforge.fml.loading.FixSSL/CORE]: Added Lets Encrypt root certificates as additional trust
[13Oct2020 09:01:54.173] [main/INFO] [mixin/]: SpongePowered MIXIN Subsystem Version=0.8.1 Source=file:/C:/Users/Erik/.gradle/caches/modules-2/files-2.1/org.spongepowered/mixin/0.8.1/3099ac85bce29d37a22d3561073d01eb99b0cf4b/mixin-0.8.1.jar Service=ModLauncher Env=CLIENT
[13Oct2020 09:01:55.158] [main/INFO] [STDERR/]: [java.lang.ThreadGroup:uncaughtException:1052]: com.electronwill.nightconfig.core.io.ParsingException: Invalid value containing only whitespaces
[13Oct2020 09:01:55.158] [main/INFO] [STDERR/]: [java.lang.ThreadGroup:uncaughtException:1052]: 	at com.electronwill.nightconfig.toml.ValueParser.parse(ValueParser.java:61)
[13Oct2020 09:01:55.159] [main/INFO] [STDERR/]: [java.lang.ThreadGroup:uncaughtException:1052]: 	at com.electronwill.nightconfig.toml.ValueParser.parse(ValueParser.java:68)
[13Oct2020 09:01:55.159] [main/INFO] [STDERR/]: [java.lang.ThreadGroup:uncaughtException:1052]: 	at com.electronwill.nightconfig.toml.TableParser.parseNormal(TableParser.java:57)
[13Oct2020 09:01:55.159] [main/INFO] [STDERR/]: [java.lang.ThreadGroup:uncaughtException:1052]: 	at com.electronwill.nightconfig.toml.TableParser.parseNormal(TableParser.java:101)
[13Oct2020 09:01:55.159] [main/INFO] [STDERR/]: [java.lang.ThreadGroup:uncaughtException:1052]: 	at com.electronwill.nightconfig.toml.TomlParser.parse(TomlParser.java:72)
[13Oct2020 09:01:55.159] [main/INFO] [STDERR/]: [java.lang.ThreadGroup:uncaughtException:1052]: 	at com.electronwill.nightconfig.toml.TomlParser.parse(TomlParser.java:37)
[13Oct2020 09:01:55.159] [main/INFO] [STDERR/]: [java.lang.ThreadGroup:uncaughtException:1052]: 	at com.electronwill.nightconfig.core.io.ConfigParser.parse(ConfigParser.java:113)
[13Oct2020 09:01:55.159] [main/INFO] [STDERR/]: [java.lang.ThreadGroup:uncaughtException:1052]: 	at com.electronwill.nightconfig.core.io.ConfigParser.parse(ConfigParser.java:219)
[13Oct2020 09:01:55.160] [main/INFO] [STDERR/]: [java.lang.ThreadGroup:uncaughtException:1052]: 	at com.electronwill.nightconfig.core.io.ConfigParser.parse(ConfigParser.java:202)
[13Oct2020 09:01:55.160] [main/INFO] [STDERR/]: [java.lang.ThreadGroup:uncaughtException:1052]: 	at com.electronwill.nightconfig.core.file.WriteAsyncFileConfig.load(WriteAsyncFileConfig.java:138)
[13Oct2020 09:01:55.160] [main/INFO] [STDERR/]: [java.lang.ThreadGroup:uncaughtException:1052]: 	at net.minecraftforge.fml.loading.moddiscovery.ModFileParser.modsTomlParser(ModFileParser.java:59)
[13Oct2020 09:01:55.160] [main/INFO] [STDERR/]: [java.lang.ThreadGroup:uncaughtException:1052]: 	at net.minecraftforge.fml.loading.moddiscovery.ModFileParser.readModList(ModFileParser.java:46)
[13Oct2020 09:01:55.160] [main/INFO] [STDERR/]: [java.lang.ThreadGroup:uncaughtException:1052]: 	at net.minecraftforge.fml.loading.moddiscovery.ModFile.identifyMods(ModFile.java:113)
[13Oct2020 09:01:55.160] [main/INFO] [STDERR/]: [java.lang.ThreadGroup:uncaughtException:1052]: 	at net.minecraftforge.fml.loading.moddiscovery.ModDiscoverer.discoverMods(ModDiscoverer.java:116)
[13Oct2020 09:01:55.160] [main/INFO] [STDERR/]: [java.lang.ThreadGroup:uncaughtException:1052]: 	at net.minecraftforge.fml.loading.FMLLoader.beginModScan(FMLLoader.java:213)
[13Oct2020 09:01:55.160] [main/INFO] [STDERR/]: [java.lang.ThreadGroup:uncaughtException:1052]: 	at net.minecraftforge.fml.loading.FMLServiceProvider.runScan(FMLServiceProvider.java:107)
[13Oct2020 09:01:55.161] [main/INFO] [STDERR/]: [java.lang.ThreadGroup:uncaughtException:1052]: 	at cpw.mods.modlauncher.TransformationServiceDecorator.runScan(TransformationServiceDecorator.java:114)
[13Oct2020 09:01:55.161] [main/INFO] [STDERR/]: [java.lang.ThreadGroup:uncaughtException:1052]: 	at cpw.mods.modlauncher.TransformationServicesHandler.lambda$runScanningTransformationServices$8(TransformationServicesHandler.java:115)
[13Oct2020 09:01:55.161] [main/INFO] [STDERR/]: [java.lang.ThreadGroup:uncaughtException:1052]: 	at java.util.stream.ReferencePipeline$7$1.accept(ReferencePipeline.java:267)
[13Oct2020 09:01:55.161] [main/INFO] [STDERR/]: [java.lang.ThreadGroup:uncaughtException:1052]: 	at java.util.HashMap$ValueSpliterator.forEachRemaining(HashMap.java:1628)
[13Oct2020 09:01:55.161] [main/INFO] [STDERR/]: [java.lang.ThreadGroup:uncaughtException:1052]: 	at java.util.stream.AbstractPipeline.copyInto(AbstractPipeline.java:481)
[13Oct2020 09:01:55.161] [main/INFO] [STDERR/]: [java.lang.ThreadGroup:uncaughtException:1052]: 	at java.util.stream.AbstractPipeline.wrapAndCopyInto(AbstractPipeline.java:471)
[13Oct2020 09:01:55.161] [main/INFO] [STDERR/]: [java.lang.ThreadGroup:uncaughtException:1052]: 	at java.util.stream.ReduceOps$ReduceOp.evaluateSequential(ReduceOps.java:708)
[13Oct2020 09:01:55.161] [main/INFO] [STDERR/]: [java.lang.ThreadGroup:uncaughtException:1052]: 	at java.util.stream.AbstractPipeline.evaluate(AbstractPipeline.java:234)
[13Oct2020 09:01:55.161] [main/INFO] [STDERR/]: [java.lang.ThreadGroup:uncaughtException:1052]: 	at java.util.stream.ReferencePipeline.collect(ReferencePipeline.java:499)
[13Oct2020 09:01:55.162] [main/INFO] [STDERR/]: [java.lang.ThreadGroup:uncaughtException:1052]: 	at cpw.mods.modlauncher.TransformationServicesHandler.runScanningTransformationServices(TransformationServicesHandler.java:116)
[13Oct2020 09:01:55.162] [main/INFO] [STDERR/]: [java.lang.ThreadGroup:uncaughtException:1052]: 	at cpw.mods.modlauncher.TransformationServicesHandler.initializeTransformationServices(TransformationServicesHandler.java:63)
[13Oct2020 09:01:55.162] [main/INFO] [STDERR/]: [java.lang.ThreadGroup:uncaughtException:1052]: 	at cpw.mods.modlauncher.Launcher.run(Launcher.java:75)
[13Oct2020 09:01:55.162] [main/INFO] [STDERR/]: [java.lang.ThreadGroup:uncaughtException:1052]: 	at cpw.mods.modlauncher.Launcher.main(Launcher.java:65)
[13Oct2020 09:01:55.162] [main/INFO] [STDERR/]: [java.lang.ThreadGroup:uncaughtException:1052]: 	at net.minecraftforge.userdev.LaunchTesting.main(LaunchTesting.java:105)
